<?xml version="1.0" encoding="UTF-8"?>
<!-- Generated by org.testng.reporters.JUnitXMLReporter -->
<testsuite hostname="ARPGL000231" name="TestOne" tests="1" failures="1" timestamp="7 Jul 2021 07:50:38 GMT" time="0.129" errors="0">
  <testcase name="controllers_should_be_suffixed" time="0.111" classname="BasicTests.TestOne">
    <failure type="java.lang.AssertionError" message="expected [true] but found [false]">
      <![CDATA[java.lang.AssertionError: expected [true] but found [false]
	at BasicTests.TestOne.controllers_should_be_suffixed(TestOne.java:55)
... Removed 29 stack frames]]>
    </failure>
  </testcase> <!-- controllers_should_be_suffixed -->
</testsuite> <!-- TestOne -->
